<?xml version="1.0" encoding="UTF-8"?>
<coverage generated="1767215827193" clover="3.2.0">
  <project timestamp="1767215827193" name="All files">
    <metrics statements="190" coveredstatements="173" conditionals="99" coveredconditionals="78" methods="65" coveredmethods="57" elements="354" coveredelements="308" complexity="0" loc="190" ncloc="190" packages="3" files="6" classes="6"/>
    <package name="components">
      <metrics statements="37" coveredstatements="36" conditionals="44" coveredconditionals="34" methods="12" coveredmethods="11"/>
      <file name="ProductCard.css" path="C:\Users\A PLUS\Desktop\A Plus+\src\components\ProductCard.css">
        <metrics statements="0" coveredstatements="0" conditionals="0" coveredconditionals="0" methods="0" coveredmethods="0"/>
      </file>
      <file name="ProductCard.jsx" path="C:\Users\A PLUS\Desktop\A Plus+\src\components\ProductCard.jsx">
        <metrics statements="37" coveredstatements="36" conditionals="44" coveredconditionals="34" methods="12" coveredmethods="11"/>
        <line num="22" count="1" type="stmt"/>
        <line num="23" count="11" type="stmt"/>
        <line num="24" count="11" type="stmt"/>
        <line num="25" count="11" type="stmt"/>
        <line num="26" count="11" type="stmt"/>
        <line num="27" count="11" type="stmt"/>
        <line num="28" count="11" type="stmt"/>
        <line num="31" count="11" type="stmt"/>
        <line num="32" count="11" type="stmt"/>
        <line num="33" count="11" type="stmt"/>
        <line num="34" count="11" type="stmt"/>
        <line num="37" count="11" type="stmt"/>
        <line num="38" count="10" type="cond" truecount="1" falsecount="1"/>
        <line num="39" count="10" type="cond" truecount="2" falsecount="0"/>
        <line num="40" count="10" type="cond" truecount="2" falsecount="0"/>
        <line num="42" count="10" type="cond" truecount="2" falsecount="0"/>
        <line num="43" count="10" type="cond" truecount="1" falsecount="1"/>
        <line num="47" count="10" type="stmt"/>
        <line num="51" count="11" type="stmt"/>
        <line num="52" count="1" type="stmt"/>
        <line num="53" count="1" type="stmt"/>
        <line num="54" count="1" type="cond" truecount="1" falsecount="1"/>
        <line num="55" count="1" type="stmt"/>
        <line num="56" count="1" type="cond" truecount="1" falsecount="1"/>
        <line num="60" count="11" type="stmt"/>
        <line num="61" count="1" type="stmt"/>
        <line num="62" count="1" type="stmt"/>
        <line num="65" count="11" type="stmt"/>
        <line num="66" count="1" type="stmt"/>
        <line num="69" count="11" type="stmt"/>
        <line num="70" count="1" type="stmt"/>
        <line num="71" count="1" type="stmt"/>
        <line num="72" count="1" type="stmt"/>
        <line num="75" count="11" type="stmt"/>
        <line num="151" count="55" type="stmt"/>
        <line num="214" count="0" type="stmt"/>
        <line num="220" count="1" type="stmt"/>
      </file>
    </package>
    <package name="context">
      <metrics statements="131" coveredstatements="116" conditionals="33" coveredconditionals="23" methods="45" coveredmethods="38"/>
      <file name="AuthContext.jsx" path="C:\Users\A PLUS\Desktop\A Plus+\src\context\AuthContext.jsx">
        <metrics statements="24" coveredstatements="24" conditionals="2" coveredconditionals="2" methods="9" coveredmethods="9"/>
        <line num="13" count="1" type="stmt"/>
        <line num="15" count="1" type="stmt"/>
        <line num="16" count="17" type="stmt"/>
        <line num="19" count="1" type="stmt"/>
        <line num="20" count="32" type="stmt"/>
        <line num="21" count="32" type="stmt"/>
        <line num="23" count="32" type="stmt"/>
        <line num="24" count="2" type="stmt"/>
        <line num="27" count="32" type="stmt"/>
        <line num="28" count="2" type="stmt"/>
        <line num="31" count="32" type="stmt"/>
        <line num="32" count="2" type="stmt"/>
        <line num="35" count="32" type="stmt"/>
        <line num="36" count="2" type="stmt"/>
        <line num="39" count="32" type="stmt"/>
        <line num="40" count="2" type="stmt"/>
        <line num="41" count="2" type="stmt"/>
        <line num="44" count="32" type="stmt"/>
        <line num="45" count="15" type="stmt"/>
        <line num="46" count="17" type="stmt"/>
        <line num="47" count="17" type="stmt"/>
        <line num="50" count="15" type="stmt"/>
        <line num="53" count="32" type="stmt"/>
        <line num="62" count="32" type="stmt"/>
      </file>
      <file name="CartContext.jsx" path="C:\Users\A PLUS\Desktop\A Plus+\src\context\CartContext.jsx">
        <metrics statements="36" coveredstatements="31" conditionals="10" coveredconditionals="7" methods="19" coveredmethods="16"/>
        <line num="3" count="1" type="stmt"/>
        <line num="5" count="1" type="stmt"/>
        <line num="6" count="13" type="stmt"/>
        <line num="9" count="1" type="stmt"/>
        <line num="10" count="13" type="stmt"/>
        <line num="12" count="7" type="stmt"/>
        <line num="13" count="7" type="stmt"/>
        <line num="14" count="7" type="cond" truecount="1" falsecount="1"/>
        <line num="16" count="0" type="stmt"/>
        <line num="17" count="0" type="stmt"/>
        <line num="21" count="13" type="stmt"/>
        <line num="23" count="13" type="stmt"/>
        <line num="24" count="13" type="stmt"/>
        <line num="26" count="0" type="stmt"/>
        <line num="30" count="13" type="stmt"/>
        <line num="31" count="8" type="stmt"/>
        <line num="32" count="8" type="stmt"/>
        <line num="33" count="8" type="cond" truecount="2" falsecount="0"/>
        <line num="34" count="1" type="stmt"/>
        <line num="35" count="1" type="cond" truecount="1" falsecount="1"/>
        <line num="40" count="7" type="stmt"/>
        <line num="45" count="13" type="stmt"/>
        <line num="46" count="1" type="stmt"/>
        <line num="49" count="13" type="stmt"/>
        <line num="50" count="2" type="cond" truecount="1" falsecount="1"/>
        <line num="51" count="2" type="stmt"/>
        <line num="52" count="2" type="stmt"/>
        <line num="53" count="3" type="cond" truecount="2" falsecount="0"/>
        <line num="58" count="13" type="stmt"/>
        <line num="59" count="0" type="stmt"/>
        <line num="62" count="13" type="stmt"/>
        <line num="63" count="2" type="stmt"/>
        <line num="66" count="13" type="stmt"/>
        <line num="67" count="0" type="stmt"/>
        <line num="70" count="13" type="stmt"/>
        <line num="80" count="13" type="stmt"/>
      </file>
      <file name="NotificationContext.jsx" path="C:\Users\A PLUS\Desktop\A Plus+\src\context\NotificationContext.jsx">
        <metrics statements="71" coveredstatements="61" conditionals="21" coveredconditionals="14" methods="17" coveredmethods="13"/>
        <line num="20" count="1" type="stmt"/>
        <line num="25" count="1" type="stmt"/>
        <line num="27" count="1" type="stmt"/>
        <line num="28" count="30" type="stmt"/>
        <line num="31" count="1" type="stmt"/>
        <line num="32" count="30" type="stmt"/>
        <line num="33" count="30" type="stmt"/>
        <line num="34" count="30" type="stmt"/>
        <line num="35" count="30" type="stmt"/>
        <line num="47" count="30" type="stmt"/>
        <line num="48" count="15" type="cond" truecount="2" falsecount="0"/>
        <line num="49" count="1" type="stmt"/>
        <line num="50" count="1" type="stmt"/>
        <line num="51" count="1" type="stmt"/>
        <line num="60" count="14" type="stmt"/>
        <line num="62" count="14" type="stmt"/>
        <line num="72" count="14" type="stmt"/>
        <line num="78" count="14" type="stmt"/>
        <line num="79" count="14" type="stmt"/>
        <line num="83" count="14" type="stmt"/>
        <line num="85" count="14" type="stmt"/>
        <line num="86" count="14" type="stmt"/>
        <line num="96" count="14" type="stmt"/>
        <line num="97" count="2" type="cond" truecount="1" falsecount="1"/>
        <line num="98" count="2" type="stmt"/>
        <line num="99" count="2" type="stmt"/>
        <line num="100" count="2" type="cond" truecount="1" falsecount="1"/>
        <line num="101" count="2" type="cond" truecount="2" falsecount="0"/>
        <line num="102" count="1" type="cond" truecount="1" falsecount="1"/>
        <line num="107" count="0" type="stmt"/>
        <line num="111" count="14" type="stmt"/>
        <line num="112" count="14" type="stmt"/>
        <line num="113" count="14" type="stmt"/>
        <line num="114" count="14" type="cond" truecount="1" falsecount="1"/>
        <line num="115" count="14" type="stmt"/>
        <line num="119" count="14" type="cond" truecount="1" falsecount="1"/>
        <line num="120" count="14" type="stmt"/>
        <line num="121" count="14" type="cond" truecount="1" falsecount="1"/>
        <line num="124" count="0" type="stmt"/>
        <line num="125" count="0" type="stmt"/>
        <line num="127" count="0" type="stmt"/>
        <line num="129" count="0" type="stmt"/>
        <line num="138" count="0" type="stmt"/>
        <line num="142" count="14" type="stmt"/>
        <line num="146" count="14" type="stmt"/>
        <line num="147" count="14" type="cond" truecount="1" falsecount="1"/>
        <line num="148" count="14" type="stmt"/>
        <line num="157" count="0" type="stmt"/>
        <line num="161" count="14" type="stmt"/>
        <line num="162" count="14" type="stmt"/>
        <line num="168" count="0" type="stmt"/>
        <line num="171" count="0" type="stmt"/>
        <line num="174" count="30" type="stmt"/>
        <line num="175" count="2" type="stmt"/>
        <line num="176" count="2" type="stmt"/>
        <line num="177" count="2" type="stmt"/>
        <line num="179" count="1" type="stmt"/>
        <line num="183" count="30" type="stmt"/>
        <line num="184" count="1" type="stmt"/>
        <line num="185" count="1" type="stmt"/>
        <line num="186" count="1" type="stmt"/>
        <line num="187" count="3" type="cond" truecount="2" falsecount="0"/>
        <line num="188" count="2" type="stmt"/>
        <line num="189" count="2" type="stmt"/>
        <line num="192" count="1" type="stmt"/>
        <line num="194" count="0" type="stmt"/>
        <line num="198" count="30" type="cond" truecount="1" falsecount="0"/>
        <line num="199" count="3" type="stmt"/>
        <line num="200" count="3" type="stmt"/>
        <line num="209" count="1" type="stmt"/>
        <line num="213" count="30" type="stmt"/>
      </file>
    </package>
    <package name="utils">
      <metrics statements="22" coveredstatements="21" conditionals="22" coveredconditionals="21" methods="8" coveredmethods="8"/>
      <file name="productUtils.js" path="C:\Users\A PLUS\Desktop\A Plus+\src\utils\productUtils.js">
        <metrics statements="22" coveredstatements="21" conditionals="22" coveredconditionals="21" methods="8" coveredmethods="8"/>
        <line num="1" count="2" type="stmt"/>
        <line num="2" count="13" type="cond" truecount="2" falsecount="0"/>
        <line num="3" count="13" type="cond" truecount="2" falsecount="0"/>
        <line num="5" count="13" type="cond" truecount="6" falsecount="0"/>
        <line num="6" count="11" type="stmt"/>
        <line num="8" count="2" type="cond" truecount="6" falsecount="0"/>
        <line num="9" count="1" type="stmt"/>
        <line num="11" count="1" type="cond" truecount="1" falsecount="1"/>
        <line num="12" count="1" type="stmt"/>
        <line num="14" count="0" type="stmt"/>
        <line num="18" count="2" type="stmt"/>
        <line num="19" count="10" type="stmt"/>
        <line num="20" count="10" type="stmt"/>
        <line num="23" count="2" type="stmt"/>
        <line num="24" count="16" type="stmt"/>
        <line num="25" count="12" type="stmt"/>
        <line num="28" count="2" type="stmt"/>
        <line num="29" count="10" type="stmt"/>
        <line num="30" count="10" type="stmt"/>
        <line num="33" count="2" type="stmt"/>
        <line num="34" count="4" type="cond" truecount="2" falsecount="0"/>
        <line num="35" count="4" type="cond" truecount="2" falsecount="0"/>
      </file>
    </package>
  </project>
</coverage>
