{"C:\\Users\\A PLUS\\Desktop\\A Plus+\\src\\components\\ProductCard.css": {"path":"C:\\Users\\A PLUS\\Desktop\\A Plus+\\src\\components\\ProductCard.css","statementMap":{},"fnMap":{},"branchMap":{},"s":{},"f":{},"b":{},"meta":{"lastBranch":0,"lastFunction":0,"lastStatement":0,"seen":{}}}
,"C:\\Users\\A PLUS\\Desktop\\A Plus+\\src\\components\\ProductCard.jsx": {"path":"C:\\Users\\A PLUS\\Desktop\\A Plus+\\src\\components\\ProductCard.jsx","statementMap":{"0":{"start":{"line":22,"column":6},"end":{"line":218,"column":null}},"1":{"start":{"line":23,"column":22},"end":{"line":23,"column":null}},"2":{"start":{"line":24,"column":41},"end":{"line":24,"column":null}},"3":{"start":{"line":25,"column":14},"end":{"line":25,"column":null}},"4":{"start":{"line":26,"column":20},"end":{"line":26,"column":null}},"5":{"start":{"line":27,"column":25},"end":{"line":27,"column":null}},"6":{"start":{"line":28,"column":46},"end":{"line":28,"column":null}},"7":{"start":{"line":31,"column":10},"end":{"line":31,"column":null}},"8":{"start":{"line":31,"column":28},"end":{"line":31,"column":55}},"9":{"start":{"line":32,"column":10},"end":{"line":32,"column":null}},"10":{"start":{"line":32,"column":30},"end":{"line":32,"column":66}},"11":{"start":{"line":33,"column":10},"end":{"line":33,"column":null}},"12":{"start":{"line":33,"column":27},"end":{"line":33,"column":60}},"13":{"start":{"line":34,"column":10},"end":{"line":34,"column":null}},"14":{"start":{"line":34,"column":32},"end":{"line":34,"column":70}},"15":{"start":{"line":37,"column":50},"end":{"line":48,"column":null}},"16":{"start":{"line":38,"column":22},"end":{"line":38,"column":null}},"17":{"start":{"line":39,"column":26},"end":{"line":39,"column":null}},"18":{"start":{"line":40,"column":25},"end":{"line":40,"column":null}},"19":{"start":{"line":42,"column":28},"end":{"line":42,"column":null}},"20":{"start":{"line":43,"column":25},"end":{"line":45,"column":null}},"21":{"start":{"line":47,"column":8},"end":{"line":47,"column":null}},"22":{"start":{"line":51,"column":10},"end":{"line":58,"column":null}},"23":{"start":{"line":52,"column":8},"end":{"line":52,"column":null}},"24":{"start":{"line":53,"column":8},"end":{"line":53,"column":null}},"25":{"start":{"line":54,"column":8},"end":{"line":57,"column":null}},"26":{"start":{"line":55,"column":12},"end":{"line":55,"column":null}},"27":{"start":{"line":56,"column":12},"end":{"line":56,"column":null}},"28":{"start":{"line":60,"column":10},"end":{"line":63,"column":null}},"29":{"start":{"line":61,"column":8},"end":{"line":61,"column":null}},"30":{"start":{"line":62,"column":8},"end":{"line":62,"column":null}},"31":{"start":{"line":65,"column":10},"end":{"line":67,"column":null}},"32":{"start":{"line":66,"column":8},"end":{"line":66,"column":null}},"33":{"start":{"line":69,"column":10},"end":{"line":73,"column":null}},"34":{"start":{"line":70,"column":8},"end":{"line":70,"column":null}},"35":{"start":{"line":71,"column":8},"end":{"line":71,"column":null}},"36":{"start":{"line":72,"column":8},"end":{"line":72,"column":null}},"37":{"start":{"line":75,"column":4},"end":{"line":216,"column":null}},"38":{"start":{"line":151,"column":32},"end":{"line":154,"column":null}},"39":{"start":{"line":214,"column":31},"end":{"line":214,"column":null}},"40":{"start":{"line":220,"column":0},"end":{"line":220,"column":null}}},"fnMap":{"0":{"name":"(anonymous_0)","decl":{"start":{"line":22,"column":25},"end":{"line":22,"column":26}},"loc":{"start":{"line":22,"column":66},"end":{"line":218,"column":1}},"line":22},"1":{"name":"(anonymous_1)","decl":{"start":{"line":31,"column":28},"end":{"line":31,"column":34}},"loc":{"start":{"line":31,"column":28},"end":{"line":31,"column":55}},"line":31},"2":{"name":"(anonymous_2)","decl":{"start":{"line":32,"column":30},"end":{"line":32,"column":36}},"loc":{"start":{"line":32,"column":30},"end":{"line":32,"column":66}},"line":32},"3":{"name":"(anonymous_3)","decl":{"start":{"line":33,"column":27},"end":{"line":33,"column":33}},"loc":{"start":{"line":33,"column":27},"end":{"line":33,"column":60}},"line":33},"4":{"name":"(anonymous_4)","decl":{"start":{"line":34,"column":32},"end":{"line":34,"column":38}},"loc":{"start":{"line":34,"column":32},"end":{"line":34,"column":70}},"line":34},"5":{"name":"(anonymous_5)","decl":{"start":{"line":37,"column":62},"end":{"line":37,"column":68}},"loc":{"start":{"line":37,"column":68},"end":{"line":48,"column":7}},"line":37},"6":{"name":"(anonymous_6)","decl":{"start":{"line":51,"column":38},"end":{"line":51,"column":39}},"loc":{"start":{"line":51,"column":45},"end":{"line":58,"column":7}},"line":51},"7":{"name":"(anonymous_7)","decl":{"start":{"line":60,"column":44},"end":{"line":60,"column":45}},"loc":{"start":{"line":60,"column":51},"end":{"line":63,"column":7}},"line":60},"8":{"name":"(anonymous_8)","decl":{"start":{"line":65,"column":40},"end":{"line":65,"column":46}},"loc":{"start":{"line":65,"column":46},"end":{"line":67,"column":7}},"line":65},"9":{"name":"(anonymous_9)","decl":{"start":{"line":69,"column":40},"end":{"line":69,"column":41}},"loc":{"start":{"line":69,"column":47},"end":{"line":73,"column":7}},"line":69},"10":{"name":"(anonymous_10)","decl":{"start":{"line":150,"column":49},"end":{"line":150,"column":50}},"loc":{"start":{"line":151,"column":32},"end":{"line":154,"column":null}},"line":151},"11":{"name":"(anonymous_11)","decl":{"start":{"line":214,"column":25},"end":{"line":214,"column":31}},"loc":{"start":{"line":214,"column":31},"end":{"line":214,"column":null}},"line":214}},"branchMap":{"0":{"loc":{"start":{"line":38,"column":22},"end":{"line":38,"column":null}},"type":"cond-expr","locations":[{"start":{"line":38,"column":57},"end":{"line":38,"column":78}},{"start":{"line":38,"column":78},"end":{"line":38,"column":null}}],"line":38},"1":{"loc":{"start":{"line":39,"column":26},"end":{"line":39,"column":null}},"type":"binary-expr","locations":[{"start":{"line":39,"column":26},"end":{"line":39,"column":55}},{"start":{"line":39,"column":55},"end":{"line":39,"column":null}}],"line":39},"2":{"loc":{"start":{"line":40,"column":25},"end":{"line":40,"column":null}},"type":"binary-expr","locations":[{"start":{"line":40,"column":25},"end":{"line":40,"column":47}},{"start":{"line":40,"column":47},"end":{"line":40,"column":null}}],"line":40},"3":{"loc":{"start":{"line":42,"column":28},"end":{"line":42,"column":null}},"type":"binary-expr","locations":[{"start":{"line":42,"column":28},"end":{"line":42,"column":48}},{"start":{"line":42,"column":48},"end":{"line":42,"column":null}}],"line":42},"4":{"loc":{"start":{"line":43,"column":25},"end":{"line":45,"column":null}},"type":"cond-expr","locations":[{"start":{"line":44,"column":14},"end":{"line":44,"column":null}},{"start":{"line":45,"column":14},"end":{"line":45,"column":null}}],"line":43},"5":{"loc":{"start":{"line":54,"column":8},"end":{"line":57,"column":null}},"type":"if","locations":[{"start":{"line":54,"column":8},"end":{"line":57,"column":null}},{"start":{},"end":{}}],"line":54},"6":{"loc":{"start":{"line":56,"column":20},"end":{"line":56,"column":73}},"type":"binary-expr","locations":[{"start":{"line":56,"column":20},"end":{"line":56,"column":54}},{"start":{"line":56,"column":54},"end":{"line":56,"column":73}}],"line":56},"7":{"loc":{"start":{"line":76,"column":40},"end":{"line":76,"column":71}},"type":"cond-expr","locations":[{"start":{"line":76,"column":54},"end":{"line":76,"column":69}},{"start":{"line":76,"column":69},"end":{"line":76,"column":71}}],"line":76},"8":{"loc":{"start":{"line":81,"column":36},"end":{"line":81,"column":null}},"type":"binary-expr","locations":[{"start":{"line":81,"column":36},"end":{"line":81,"column":67}},{"start":{"line":81,"column":67},"end":{"line":81,"column":null}}],"line":81},"9":{"loc":{"start":{"line":85,"column":17},"end":{"line":88,"column":null}},"type":"binary-expr","locations":[{"start":{"line":85,"column":17},"end":{"line":85,"column":null}},{"start":{"line":86,"column":20},"end":{"line":88,"column":null}}],"line":85},"10":{"loc":{"start":{"line":87,"column":28},"end":{"line":87,"column":null}},"type":"binary-expr","locations":[{"start":{"line":87,"column":28},"end":{"line":87,"column":54}},{"start":{"line":87,"column":54},"end":{"line":87,"column":null}}],"line":87},"11":{"loc":{"start":{"line":90,"column":17},"end":{"line":93,"column":null}},"type":"binary-expr","locations":[{"start":{"line":90,"column":17},"end":{"line":90,"column":null}},{"start":{"line":91,"column":20},"end":{"line":93,"column":null}}],"line":90},"12":{"loc":{"start":{"line":95,"column":17},"end":{"line":95,"column":null}},"type":"binary-expr","locations":[{"start":{"line":95,"column":17},"end":{"line":95,"column":40}},{"start":{"line":95,"column":40},"end":{"line":95,"column":null}}],"line":95},"13":{"loc":{"start":{"line":100,"column":43},"end":{"line":100,"column":71}},"type":"cond-expr","locations":[{"start":{"line":100,"column":58},"end":{"line":100,"column":69}},{"start":{"line":100,"column":69},"end":{"line":100,"column":71}}],"line":100},"14":{"loc":{"start":{"line":102,"column":28},"end":{"line":102,"column":null}},"type":"cond-expr","locations":[{"start":{"line":102,"column":43},"end":{"line":102,"column":68}},{"start":{"line":102,"column":68},"end":{"line":102,"column":null}}],"line":102},"15":{"loc":{"start":{"line":104,"column":17},"end":{"line":107,"column":null}},"type":"cond-expr","locations":[{"start":{"line":105,"column":20},"end":{"line":105,"column":null}},{"start":{"line":107,"column":20},"end":{"line":107,"column":null}}],"line":104},"16":{"loc":{"start":{"line":113,"column":42},"end":{"line":113,"column":69}},"type":"cond-expr","locations":[{"start":{"line":113,"column":56},"end":{"line":113,"column":67}},{"start":{"line":113,"column":67},"end":{"line":113,"column":69}}],"line":113},"17":{"loc":{"start":{"line":117,"column":17},"end":{"line":120,"column":null}},"type":"cond-expr","locations":[{"start":{"line":118,"column":20},"end":{"line":118,"column":null}},{"start":{"line":120,"column":20},"end":{"line":120,"column":null}}],"line":117},"18":{"loc":{"start":{"line":153,"column":60},"end":{"line":153,"column":104}},"type":"cond-expr","locations":[{"start":{"line":153,"column":86},"end":{"line":153,"column":97}},{"start":{"line":153,"column":97},"end":{"line":153,"column":104}}],"line":153},"19":{"loc":{"start":{"line":162,"column":44},"end":{"line":162,"column":71}},"type":"binary-expr","locations":[{"start":{"line":162,"column":44},"end":{"line":162,"column":64}},{"start":{"line":162,"column":64},"end":{"line":162,"column":71}}],"line":162},"20":{"loc":{"start":{"line":181,"column":25},"end":{"line":182,"column":null}},"type":"binary-expr","locations":[{"start":{"line":181,"column":25},"end":{"line":181,"column":null}},{"start":{"line":182,"column":28},"end":{"line":182,"column":null}}],"line":181},"21":{"loc":{"start":{"line":188,"column":25},"end":{"line":189,"column":null}},"type":"binary-expr","locations":[{"start":{"line":188,"column":25},"end":{"line":188,"column":null}},{"start":{"line":189,"column":28},"end":{"line":189,"column":null}}],"line":188}},"s":{"0":1,"1":11,"2":11,"3":11,"4":11,"5":11,"6":11,"7":11,"8":10,"9":11,"10":10,"11":11,"12":10,"13":11,"14":10,"15":11,"16":10,"17":10,"18":10,"19":10,"20":10,"21":10,"22":11,"23":1,"24":1,"25":1,"26":1,"27":1,"28":11,"29":1,"30":1,"31":11,"32":1,"33":11,"34":1,"35":1,"36":1,"37":11,"38":55,"39":0,"40":1},"f":{"0":11,"1":10,"2":10,"3":10,"4":10,"5":10,"6":1,"7":1,"8":1,"9":1,"10":55,"11":0},"b":{"0":[10,0],"1":[10,9],"2":[10,10],"3":[10,10],"4":[10,0],"5":[1,0],"6":[1,0],"7":[1,10],"8":[11,0],"9":[11,1],"10":[1,0],"11":[11,10],"12":[11,11],"13":[0,11],"14":[0,11],"15":[0,11],"16":[1,10],"17":[1,10],"18":[44,11],"19":[11,0],"20":[11,11],"21":[11,11]},"meta":{"lastBranch":22,"lastFunction":12,"lastStatement":41,"seen":{"s:22:6:218:Infinity":0,"f:22:25:22:26":0,"s:23:22:23:Infinity":1,"s:24:41:24:Infinity":2,"s:25:14:25:Infinity":3,"s:26:20:26:Infinity":4,"s:27:25:27:Infinity":5,"s:28:46:28:Infinity":6,"s:31:10:31:Infinity":7,"f:31:28:31:34":1,"s:31:28:31:55":8,"s:32:10:32:Infinity":9,"f:32:30:32:36":2,"s:32:30:32:66":10,"s:33:10:33:Infinity":11,"f:33:27:33:33":3,"s:33:27:33:60":12,"s:34:10:34:Infinity":13,"f:34:32:34:38":4,"s:34:32:34:70":14,"s:37:50:48:Infinity":15,"f:37:62:37:68":5,"s:38:22:38:Infinity":16,"b:38:57:38:78:38:78:38:Infinity":0,"s:39:26:39:Infinity":17,"b:39:26:39:55:39:55:39:Infinity":1,"s:40:25:40:Infinity":18,"b:40:25:40:47:40:47:40:Infinity":2,"s:42:28:42:Infinity":19,"b:42:28:42:48:42:48:42:Infinity":3,"s:43:25:45:Infinity":20,"b:44:14:44:Infinity:45:14:45:Infinity":4,"s:47:8:47:Infinity":21,"s:51:10:58:Infinity":22,"f:51:38:51:39":6,"s:52:8:52:Infinity":23,"s:53:8:53:Infinity":24,"b:54:8:57:Infinity:undefined:undefined:undefined:undefined":5,"s:54:8:57:Infinity":25,"s:55:12:55:Infinity":26,"s:56:12:56:Infinity":27,"b:56:20:56:54:56:54:56:73":6,"s:60:10:63:Infinity":28,"f:60:44:60:45":7,"s:61:8:61:Infinity":29,"s:62:8:62:Infinity":30,"s:65:10:67:Infinity":31,"f:65:40:65:46":8,"s:66:8:66:Infinity":32,"s:69:10:73:Infinity":33,"f:69:40:69:41":9,"s:70:8:70:Infinity":34,"s:71:8:71:Infinity":35,"s:72:8:72:Infinity":36,"s:75:4:216:Infinity":37,"b:76:54:76:69:76:69:76:71":7,"b:81:36:81:67:81:67:81:Infinity":8,"b:85:17:85:Infinity:86:20:88:Infinity":9,"b:87:28:87:54:87:54:87:Infinity":10,"b:90:17:90:Infinity:91:20:93:Infinity":11,"b:95:17:95:40:95:40:95:Infinity":12,"b:100:58:100:69:100:69:100:71":13,"b:102:43:102:68:102:68:102:Infinity":14,"b:105:20:105:Infinity:107:20:107:Infinity":15,"b:113:56:113:67:113:67:113:69":16,"b:118:20:118:Infinity:120:20:120:Infinity":17,"f:150:49:150:50":10,"s:151:32:154:Infinity":38,"b:153:86:153:97:153:97:153:104":18,"b:162:44:162:64:162:64:162:71":19,"b:181:25:181:Infinity:182:28:182:Infinity":20,"b:188:25:188:Infinity:189:28:189:Infinity":21,"f:214:25:214:31":11,"s:214:31:214:Infinity":39,"s:220:0:220:Infinity":40}}}
,"C:\\Users\\A PLUS\\Desktop\\A Plus+\\src\\context\\AuthContext.jsx": {"path":"C:\\Users\\A PLUS\\Desktop\\A Plus+\\src\\context\\AuthContext.jsx","statementMap":{"0":{"start":{"line":13,"column":6},"end":{"line":13,"column":null}},"1":{"start":{"line":15,"column":23},"end":{"line":17,"column":null}},"2":{"start":{"line":16,"column":4},"end":{"line":16,"column":null}},"3":{"start":{"line":19,"column":28},"end":{"line":67,"column":null}},"4":{"start":{"line":20,"column":38},"end":{"line":20,"column":null}},"5":{"start":{"line":21,"column":30},"end":{"line":21,"column":null}},"6":{"start":{"line":23,"column":19},"end":{"line":25,"column":null}},"7":{"start":{"line":24,"column":8},"end":{"line":24,"column":null}},"8":{"start":{"line":27,"column":18},"end":{"line":29,"column":null}},"9":{"start":{"line":28,"column":8},"end":{"line":28,"column":null}},"10":{"start":{"line":31,"column":19},"end":{"line":33,"column":null}},"11":{"start":{"line":32,"column":8},"end":{"line":32,"column":null}},"12":{"start":{"line":35,"column":26},"end":{"line":37,"column":null}},"13":{"start":{"line":36,"column":8},"end":{"line":36,"column":null}},"14":{"start":{"line":39,"column":25},"end":{"line":42,"column":null}},"15":{"start":{"line":40,"column":25},"end":{"line":40,"column":null}},"16":{"start":{"line":41,"column":8},"end":{"line":41,"column":null}},"17":{"start":{"line":44,"column":4},"end":{"line":51,"column":null}},"18":{"start":{"line":45,"column":14},"end":{"line":48,"column":null}},"19":{"start":{"line":46,"column":12},"end":{"line":46,"column":null}},"20":{"start":{"line":47,"column":12},"end":{"line":47,"column":null}},"21":{"start":{"line":50,"column":8},"end":{"line":50,"column":null}},"22":{"start":{"line":53,"column":18},"end":{"line":60,"column":null}},"23":{"start":{"line":62,"column":4},"end":{"line":65,"column":null}}},"fnMap":{"0":{"name":"(anonymous_0)","decl":{"start":{"line":15,"column":23},"end":{"line":15,"column":29}},"loc":{"start":{"line":15,"column":29},"end":{"line":17,"column":null}},"line":15},"1":{"name":"(anonymous_1)","decl":{"start":{"line":19,"column":28},"end":{"line":19,"column":29}},"loc":{"start":{"line":19,"column":46},"end":{"line":67,"column":null}},"line":19},"2":{"name":"(anonymous_2)","decl":{"start":{"line":23,"column":19},"end":{"line":23,"column":20}},"loc":{"start":{"line":23,"column":40},"end":{"line":25,"column":null}},"line":23},"3":{"name":"(anonymous_3)","decl":{"start":{"line":27,"column":18},"end":{"line":27,"column":19}},"loc":{"start":{"line":27,"column":39},"end":{"line":29,"column":null}},"line":27},"4":{"name":"(anonymous_4)","decl":{"start":{"line":31,"column":19},"end":{"line":31,"column":25}},"loc":{"start":{"line":31,"column":25},"end":{"line":33,"column":null}},"line":31},"5":{"name":"(anonymous_5)","decl":{"start":{"line":35,"column":26},"end":{"line":35,"column":27}},"loc":{"start":{"line":35,"column":37},"end":{"line":37,"column":null}},"line":35},"6":{"name":"(anonymous_6)","decl":{"start":{"line":39,"column":25},"end":{"line":39,"column":31}},"loc":{"start":{"line":39,"column":31},"end":{"line":42,"column":null}},"line":39},"7":{"name":"(anonymous_7)","decl":{"start":{"line":44,"column":14},"end":{"line":44,"column":20}},"loc":{"start":{"line":44,"column":20},"end":{"line":51,"column":7}},"line":44},"8":{"name":"(anonymous_8)","decl":{"start":{"line":45,"column":53},"end":{"line":45,"column":54}},"loc":{"start":{"line":45,"column":63},"end":{"line":48,"column":9}},"line":45}},"branchMap":{"0":{"loc":{"start":{"line":64,"column":13},"end":{"line":64,"column":null}},"type":"binary-expr","locations":[{"start":{"line":64,"column":13},"end":{"line":64,"column":25}},{"start":{"line":64,"column":25},"end":{"line":64,"column":null}}],"line":64}},"s":{"0":1,"1":1,"2":17,"3":1,"4":32,"5":32,"6":32,"7":2,"8":32,"9":2,"10":32,"11":2,"12":32,"13":2,"14":32,"15":2,"16":2,"17":32,"18":15,"19":17,"20":17,"21":15,"22":32,"23":32},"f":{"0":17,"1":32,"2":2,"3":2,"4":2,"5":2,"6":2,"7":15,"8":17},"b":{"0":[32,17]},"meta":{"lastBranch":1,"lastFunction":9,"lastStatement":24,"seen":{"s:13:6:13:Infinity":0,"s:15:23:17:Infinity":1,"f:15:23:15:29":0,"s:16:4:16:Infinity":2,"s:19:28:67:Infinity":3,"f:19:28:19:29":1,"s:20:38:20:Infinity":4,"s:21:30:21:Infinity":5,"s:23:19:25:Infinity":6,"f:23:19:23:20":2,"s:24:8:24:Infinity":7,"s:27:18:29:Infinity":8,"f:27:18:27:19":3,"s:28:8:28:Infinity":9,"s:31:19:33:Infinity":10,"f:31:19:31:25":4,"s:32:8:32:Infinity":11,"s:35:26:37:Infinity":12,"f:35:26:35:27":5,"s:36:8:36:Infinity":13,"s:39:25:42:Infinity":14,"f:39:25:39:31":6,"s:40:25:40:Infinity":15,"s:41:8:41:Infinity":16,"s:44:4:51:Infinity":17,"f:44:14:44:20":7,"s:45:14:48:Infinity":18,"f:45:53:45:54":8,"s:46:12:46:Infinity":19,"s:47:12:47:Infinity":20,"s:50:8:50:Infinity":21,"s:53:18:60:Infinity":22,"s:62:4:65:Infinity":23,"b:64:13:64:25:64:25:64:Infinity":0}}}
,"C:\\Users\\A PLUS\\Desktop\\A Plus+\\src\\context\\CartContext.jsx": {"path":"C:\\Users\\A PLUS\\Desktop\\A Plus+\\src\\context\\CartContext.jsx","statementMap":{"0":{"start":{"line":3,"column":6},"end":{"line":3,"column":null}},"1":{"start":{"line":5,"column":23},"end":{"line":7,"column":null}},"2":{"start":{"line":6,"column":4},"end":{"line":6,"column":null}},"3":{"start":{"line":9,"column":28},"end":{"line":85,"column":null}},"4":{"start":{"line":10,"column":24},"end":{"line":19,"column":null}},"5":{"start":{"line":12,"column":8},"end":{"line":18,"column":null}},"6":{"start":{"line":13,"column":30},"end":{"line":13,"column":null}},"7":{"start":{"line":14,"column":12},"end":{"line":14,"column":null}},"8":{"start":{"line":16,"column":12},"end":{"line":16,"column":null}},"9":{"start":{"line":17,"column":12},"end":{"line":17,"column":null}},"10":{"start":{"line":21,"column":4},"end":{"line":28,"column":null}},"11":{"start":{"line":23,"column":8},"end":{"line":27,"column":null}},"12":{"start":{"line":24,"column":12},"end":{"line":24,"column":null}},"13":{"start":{"line":26,"column":12},"end":{"line":26,"column":null}},"14":{"start":{"line":30,"column":22},"end":{"line":43,"column":null}},"15":{"start":{"line":31,"column":8},"end":{"line":42,"column":null}},"16":{"start":{"line":32,"column":33},"end":{"line":32,"column":null}},"17":{"start":{"line":32,"column":55},"end":{"line":32,"column":77}},"18":{"start":{"line":33,"column":12},"end":{"line":41,"column":null}},"19":{"start":{"line":34,"column":16},"end":{"line":38,"column":null}},"20":{"start":{"line":35,"column":20},"end":{"line":37,"column":null}},"21":{"start":{"line":40,"column":16},"end":{"line":40,"column":null}},"22":{"start":{"line":45,"column":27},"end":{"line":47,"column":null}},"23":{"start":{"line":46,"column":8},"end":{"line":46,"column":null}},"24":{"start":{"line":46,"column":28},"end":{"line":46,"column":74}},"25":{"start":{"line":46,"column":52},"end":{"line":46,"column":73}},"26":{"start":{"line":49,"column":27},"end":{"line":56,"column":null}},"27":{"start":{"line":50,"column":8},"end":{"line":50,"column":null}},"28":{"start":{"line":50,"column":29},"end":{"line":50,"column":null}},"29":{"start":{"line":51,"column":8},"end":{"line":55,"column":null}},"30":{"start":{"line":52,"column":12},"end":{"line":54,"column":null}},"31":{"start":{"line":53,"column":16},"end":{"line":53,"column":null}},"32":{"start":{"line":58,"column":22},"end":{"line":60,"column":null}},"33":{"start":{"line":59,"column":8},"end":{"line":59,"column":null}},"34":{"start":{"line":62,"column":25},"end":{"line":64,"column":null}},"35":{"start":{"line":63,"column":8},"end":{"line":63,"column":null}},"36":{"start":{"line":63,"column":44},"end":{"line":63,"column":82}},"37":{"start":{"line":66,"column":25},"end":{"line":68,"column":null}},"38":{"start":{"line":67,"column":8},"end":{"line":67,"column":null}},"39":{"start":{"line":67,"column":44},"end":{"line":67,"column":67}},"40":{"start":{"line":70,"column":18},"end":{"line":78,"column":null}},"41":{"start":{"line":80,"column":4},"end":{"line":83,"column":null}}},"fnMap":{"0":{"name":"(anonymous_0)","decl":{"start":{"line":5,"column":23},"end":{"line":5,"column":29}},"loc":{"start":{"line":5,"column":29},"end":{"line":7,"column":null}},"line":5},"1":{"name":"(anonymous_1)","decl":{"start":{"line":9,"column":28},"end":{"line":9,"column":29}},"loc":{"start":{"line":9,"column":46},"end":{"line":85,"column":null}},"line":9},"2":{"name":"(anonymous_2)","decl":{"start":{"line":10,"column":37},"end":{"line":10,"column":43}},"loc":{"start":{"line":10,"column":43},"end":{"line":19,"column":5}},"line":10},"3":{"name":"(anonymous_3)","decl":{"start":{"line":21,"column":14},"end":{"line":21,"column":20}},"loc":{"start":{"line":21,"column":20},"end":{"line":28,"column":7}},"line":21},"4":{"name":"(anonymous_4)","decl":{"start":{"line":30,"column":22},"end":{"line":30,"column":23}},"loc":{"start":{"line":30,"column":35},"end":{"line":43,"column":null}},"line":30},"5":{"name":"(anonymous_5)","decl":{"start":{"line":31,"column":16},"end":{"line":31,"column":28}},"loc":{"start":{"line":31,"column":28},"end":{"line":42,"column":9}},"line":31},"6":{"name":"(anonymous_6)","decl":{"start":{"line":32,"column":47},"end":{"line":32,"column":55}},"loc":{"start":{"line":32,"column":55},"end":{"line":32,"column":77}},"line":32},"7":{"name":"(anonymous_7)","decl":{"start":{"line":34,"column":36},"end":{"line":34,"column":null}},"loc":{"start":{"line":35,"column":20},"end":{"line":37,"column":null}},"line":35},"8":{"name":"(anonymous_8)","decl":{"start":{"line":45,"column":27},"end":{"line":45,"column":28}},"loc":{"start":{"line":45,"column":42},"end":{"line":47,"column":null}},"line":45},"9":{"name":"(anonymous_9)","decl":{"start":{"line":46,"column":16},"end":{"line":46,"column":28}},"loc":{"start":{"line":46,"column":28},"end":{"line":46,"column":74}},"line":46},"10":{"name":"(anonymous_10)","decl":{"start":{"line":46,"column":44},"end":{"line":46,"column":52}},"loc":{"start":{"line":46,"column":52},"end":{"line":46,"column":73}},"line":46},"11":{"name":"(anonymous_11)","decl":{"start":{"line":49,"column":27},"end":{"line":49,"column":28}},"loc":{"start":{"line":49,"column":55},"end":{"line":56,"column":null}},"line":49},"12":{"name":"(anonymous_12)","decl":{"start":{"line":51,"column":16},"end":{"line":51,"column":null}},"loc":{"start":{"line":52,"column":12},"end":{"line":54,"column":null}},"line":52},"13":{"name":"(anonymous_13)","decl":{"start":{"line":52,"column":25},"end":{"line":52,"column":null}},"loc":{"start":{"line":53,"column":16},"end":{"line":53,"column":null}},"line":53},"14":{"name":"(anonymous_14)","decl":{"start":{"line":58,"column":22},"end":{"line":58,"column":28}},"loc":{"start":{"line":58,"column":28},"end":{"line":60,"column":null}},"line":58},"15":{"name":"(anonymous_15)","decl":{"start":{"line":62,"column":25},"end":{"line":62,"column":31}},"loc":{"start":{"line":62,"column":31},"end":{"line":64,"column":null}},"line":62},"16":{"name":"(anonymous_16)","decl":{"start":{"line":63,"column":27},"end":{"line":63,"column":28}},"loc":{"start":{"line":63,"column":44},"end":{"line":63,"column":82}},"line":63},"17":{"name":"(anonymous_17)","decl":{"start":{"line":66,"column":25},"end":{"line":66,"column":31}},"loc":{"start":{"line":66,"column":31},"end":{"line":68,"column":null}},"line":66},"18":{"name":"(anonymous_18)","decl":{"start":{"line":67,"column":27},"end":{"line":67,"column":28}},"loc":{"start":{"line":67,"column":44},"end":{"line":67,"column":67}},"line":67}},"branchMap":{"0":{"loc":{"start":{"line":14,"column":19},"end":{"line":14,"column":null}},"type":"cond-expr","locations":[{"start":{"line":14,"column":31},"end":{"line":14,"column":55}},{"start":{"line":14,"column":55},"end":{"line":14,"column":null}}],"line":14},"1":{"loc":{"start":{"line":33,"column":12},"end":{"line":41,"column":null}},"type":"if","locations":[{"start":{"line":33,"column":12},"end":{"line":41,"column":null}},{"start":{"line":39,"column":19},"end":{"line":41,"column":null}}],"line":33},"2":{"loc":{"start":{"line":35,"column":20},"end":{"line":37,"column":null}},"type":"cond-expr","locations":[{"start":{"line":36,"column":26},"end":{"line":36,"column":null}},{"start":{"line":37,"column":26},"end":{"line":37,"column":null}}],"line":35},"3":{"loc":{"start":{"line":50,"column":8},"end":{"line":50,"column":null}},"type":"if","locations":[{"start":{"line":50,"column":8},"end":{"line":50,"column":null}},{"start":{},"end":{}}],"line":50},"4":{"loc":{"start":{"line":53,"column":16},"end":{"line":53,"column":null}},"type":"cond-expr","locations":[{"start":{"line":53,"column":40},"end":{"line":53,"column":77}},{"start":{"line":53,"column":77},"end":{"line":53,"column":null}}],"line":53}},"s":{"0":1,"1":1,"2":13,"3":1,"4":13,"5":7,"6":7,"7":7,"8":0,"9":0,"10":13,"11":13,"12":13,"13":0,"14":13,"15":8,"16":8,"17":2,"18":8,"19":1,"20":1,"21":7,"22":13,"23":1,"24":1,"25":1,"26":13,"27":2,"28":0,"29":2,"30":2,"31":3,"32":13,"33":0,"34":13,"35":1,"36":2,"37":13,"38":0,"39":0,"40":13,"41":13},"f":{"0":13,"1":13,"2":7,"3":13,"4":8,"5":8,"6":2,"7":1,"8":1,"9":1,"10":1,"11":2,"12":2,"13":3,"14":0,"15":1,"16":2,"17":0,"18":0},"b":{"0":[0,7],"1":[1,7],"2":[1,0],"3":[0,2],"4":[2,1]},"meta":{"lastBranch":5,"lastFunction":19,"lastStatement":42,"seen":{"s:3:6:3:Infinity":0,"s:5:23:7:Infinity":1,"f:5:23:5:29":0,"s:6:4:6:Infinity":2,"s:9:28:85:Infinity":3,"f:9:28:9:29":1,"s:10:24:19:Infinity":4,"f:10:37:10:43":2,"s:12:8:18:Infinity":5,"s:13:30:13:Infinity":6,"s:14:12:14:Infinity":7,"b:14:31:14:55:14:55:14:Infinity":0,"s:16:12:16:Infinity":8,"s:17:12:17:Infinity":9,"s:21:4:28:Infinity":10,"f:21:14:21:20":3,"s:23:8:27:Infinity":11,"s:24:12:24:Infinity":12,"s:26:12:26:Infinity":13,"s:30:22:43:Infinity":14,"f:30:22:30:23":4,"s:31:8:42:Infinity":15,"f:31:16:31:28":5,"s:32:33:32:Infinity":16,"f:32:47:32:55":6,"s:32:55:32:77":17,"b:33:12:41:Infinity:39:19:41:Infinity":1,"s:33:12:41:Infinity":18,"s:34:16:38:Infinity":19,"f:34:36:34:Infinity":7,"s:35:20:37:Infinity":20,"b:36:26:36:Infinity:37:26:37:Infinity":2,"s:40:16:40:Infinity":21,"s:45:27:47:Infinity":22,"f:45:27:45:28":8,"s:46:8:46:Infinity":23,"f:46:16:46:28":9,"s:46:28:46:74":24,"f:46:44:46:52":10,"s:46:52:46:73":25,"s:49:27:56:Infinity":26,"f:49:27:49:28":11,"b:50:8:50:Infinity:undefined:undefined:undefined:undefined":3,"s:50:8:50:Infinity":27,"s:50:29:50:Infinity":28,"s:51:8:55:Infinity":29,"f:51:16:51:Infinity":12,"s:52:12:54:Infinity":30,"f:52:25:52:Infinity":13,"s:53:16:53:Infinity":31,"b:53:40:53:77:53:77:53:Infinity":4,"s:58:22:60:Infinity":32,"f:58:22:58:28":14,"s:59:8:59:Infinity":33,"s:62:25:64:Infinity":34,"f:62:25:62:31":15,"s:63:8:63:Infinity":35,"f:63:27:63:28":16,"s:63:44:63:82":36,"s:66:25:68:Infinity":37,"f:66:25:66:31":17,"s:67:8:67:Infinity":38,"f:67:27:67:28":18,"s:67:44:67:67":39,"s:70:18:78:Infinity":40,"s:80:4:83:Infinity":41}}}
,"C:\\Users\\A PLUS\\Desktop\\A Plus+\\src\\context\\NotificationContext.jsx": {"path":"C:\\Users\\A PLUS\\Desktop\\A Plus+\\src\\context\\NotificationContext.jsx","statementMap":{"0":{"start":{"line":20,"column":6},"end":{"line":20,"column":null}},"1":{"start":{"line":25,"column":6},"end":{"line":25,"column":null}},"2":{"start":{"line":27,"column":32},"end":{"line":29,"column":null}},"3":{"start":{"line":28,"column":4},"end":{"line":28,"column":null}},"4":{"start":{"line":31,"column":36},"end":{"line":224,"column":null}},"5":{"start":{"line":32,"column":42},"end":{"line":32,"column":null}},"6":{"start":{"line":33,"column":38},"end":{"line":33,"column":null}},"7":{"start":{"line":34,"column":24},"end":{"line":34,"column":null}},"8":{"start":{"line":35,"column":17},"end":{"line":35,"column":null}},"9":{"start":{"line":47,"column":4},"end":{"line":172,"column":null}},"10":{"start":{"line":48,"column":8},"end":{"line":52,"column":null}},"11":{"start":{"line":49,"column":12},"end":{"line":49,"column":null}},"12":{"start":{"line":50,"column":12},"end":{"line":50,"column":null}},"13":{"start":{"line":51,"column":12},"end":{"line":51,"column":null}},"14":{"start":{"line":60,"column":26},"end":{"line":60,"column":null}},"15":{"start":{"line":62,"column":8},"end":{"line":169,"column":null}},"16":{"start":{"line":72,"column":18},"end":{"line":76,"column":null}},"17":{"start":{"line":78,"column":12},"end":{"line":108,"column":null}},"18":{"start":{"line":79,"column":30},"end":{"line":82,"column":null}},"19":{"start":{"line":79,"column":56},"end":{"line":82,"column":18}},"20":{"start":{"line":83,"column":16},"end":{"line":83,"column":null}},"21":{"start":{"line":85,"column":31},"end":{"line":85,"column":null}},"22":{"start":{"line":85,"column":49},"end":{"line":85,"column":56}},"23":{"start":{"line":86,"column":16},"end":{"line":86,"column":null}},"24":{"start":{"line":96,"column":16},"end":{"line":105,"column":null}},"25":{"start":{"line":97,"column":20},"end":{"line":104,"column":null}},"26":{"start":{"line":98,"column":37},"end":{"line":98,"column":null}},"27":{"start":{"line":99,"column":36},"end":{"line":99,"column":null}},"28":{"start":{"line":100,"column":41},"end":{"line":100,"column":null}},"29":{"start":{"line":101,"column":24},"end":{"line":103,"column":null}},"30":{"start":{"line":102,"column":28},"end":{"line":102,"column":null}},"31":{"start":{"line":107,"column":16},"end":{"line":107,"column":null}},"32":{"start":{"line":111,"column":38},"end":{"line":140,"column":null}},"33":{"start":{"line":112,"column":16},"end":{"line":139,"column":null}},"34":{"start":{"line":113,"column":39},"end":{"line":113,"column":null}},"35":{"start":{"line":114,"column":20},"end":{"line":136,"column":null}},"36":{"start":{"line":115,"column":24},"end":{"line":115,"column":null}},"37":{"start":{"line":119,"column":24},"end":{"line":134,"column":null}},"38":{"start":{"line":120,"column":42},"end":{"line":120,"column":null}},"39":{"start":{"line":121,"column":28},"end":{"line":133,"column":null}},"40":{"start":{"line":124,"column":32},"end":{"line":132,"column":null}},"41":{"start":{"line":125,"column":42},"end":{"line":125,"column":null}},"42":{"start":{"line":127,"column":36},"end":{"line":127,"column":null}},"43":{"start":{"line":129,"column":36},"end":{"line":129,"column":null}},"44":{"start":{"line":138,"column":20},"end":{"line":138,"column":null}},"45":{"start":{"line":142,"column":12},"end":{"line":142,"column":null}},"46":{"start":{"line":146,"column":12},"end":{"line":158,"column":null}},"47":{"start":{"line":147,"column":16},"end":{"line":155,"column":null}},"48":{"start":{"line":148,"column":20},"end":{"line":154,"column":null}},"49":{"start":{"line":157,"column":16},"end":{"line":157,"column":null}},"50":{"start":{"line":161,"column":12},"end":{"line":165,"column":null}},"51":{"start":{"line":162,"column":16},"end":{"line":162,"column":null}},"52":{"start":{"line":168,"column":12},"end":{"line":168,"column":null}},"53":{"start":{"line":171,"column":8},"end":{"line":171,"column":null}},"54":{"start":{"line":171,"column":21},"end":{"line":171,"column":null}},"55":{"start":{"line":174,"column":23},"end":{"line":181,"column":null}},"56":{"start":{"line":175,"column":8},"end":{"line":180,"column":null}},"57":{"start":{"line":176,"column":18},"end":{"line":176,"column":null}},"58":{"start":{"line":177,"column":12},"end":{"line":177,"column":null}},"59":{"start":{"line":179,"column":12},"end":{"line":179,"column":null}},"60":{"start":{"line":183,"column":26},"end":{"line":196,"column":null}},"61":{"start":{"line":184,"column":8},"end":{"line":195,"column":null}},"62":{"start":{"line":185,"column":18},"end":{"line":185,"column":null}},"63":{"start":{"line":186,"column":12},"end":{"line":191,"column":null}},"64":{"start":{"line":187,"column":16},"end":{"line":190,"column":null}},"65":{"start":{"line":188,"column":26},"end":{"line":188,"column":null}},"66":{"start":{"line":189,"column":20},"end":{"line":189,"column":null}},"67":{"start":{"line":192,"column":12},"end":{"line":192,"column":null}},"68":{"start":{"line":194,"column":12},"end":{"line":194,"column":null}},"69":{"start":{"line":198,"column":32},"end":{"line":211,"column":null}},"70":{"start":{"line":199,"column":8},"end":{"line":210,"column":null}},"71":{"start":{"line":200,"column":12},"end":{"line":207,"column":null}},"72":{"start":{"line":209,"column":12},"end":{"line":209,"column":null}},"73":{"start":{"line":213,"column":4},"end":{"line":222,"column":null}}},"fnMap":{"0":{"name":"(anonymous_0)","decl":{"start":{"line":27,"column":32},"end":{"line":27,"column":38}},"loc":{"start":{"line":27,"column":38},"end":{"line":29,"column":null}},"line":27},"1":{"name":"(anonymous_1)","decl":{"start":{"line":31,"column":36},"end":{"line":31,"column":37}},"loc":{"start":{"line":31,"column":54},"end":{"line":224,"column":null}},"line":31},"2":{"name":"(anonymous_2)","decl":{"start":{"line":47,"column":14},"end":{"line":47,"column":20}},"loc":{"start":{"line":47,"column":20},"end":{"line":172,"column":7}},"line":47},"3":{"name":"(anonymous_3)","decl":{"start":{"line":60,"column":26},"end":{"line":60,"column":32}},"loc":{"start":{"line":60,"column":32},"end":{"line":60,"column":null}},"line":60},"4":{"name":"(anonymous_4)","decl":{"start":{"line":78,"column":40},"end":{"line":78,"column":41}},"loc":{"start":{"line":78,"column":54},"end":{"line":106,"column":15}},"line":78},"5":{"name":"(anonymous_5)","decl":{"start":{"line":79,"column":48},"end":{"line":79,"column":56}},"loc":{"start":{"line":79,"column":56},"end":{"line":82,"column":18}},"line":79},"6":{"name":"(anonymous_6)","decl":{"start":{"line":85,"column":44},"end":{"line":85,"column":49}},"loc":{"start":{"line":85,"column":49},"end":{"line":85,"column":56}},"line":85},"7":{"name":"(anonymous_7)","decl":{"start":{"line":96,"column":46},"end":{"line":96,"column":47}},"loc":{"start":{"line":96,"column":58},"end":{"line":105,"column":17}},"line":96},"8":{"name":"(anonymous_8)","decl":{"start":{"line":106,"column":15},"end":{"line":106,"column":16}},"loc":{"start":{"line":106,"column":26},"end":{"line":108,"column":13}},"line":106},"9":{"name":"(anonymous_9)","decl":{"start":{"line":111,"column":38},"end":{"line":111,"column":50}},"loc":{"start":{"line":111,"column":50},"end":{"line":140,"column":null}},"line":111},"10":{"name":"(anonymous_10)","decl":{"start":{"line":148,"column":41},"end":{"line":148,"column":42}},"loc":{"start":{"line":148,"column":54},"end":{"line":154,"column":21}},"line":148},"11":{"name":"(anonymous_11)","decl":{"start":{"line":161,"column":19},"end":{"line":161,"column":25}},"loc":{"start":{"line":161,"column":25},"end":{"line":165,"column":null}},"line":161},"12":{"name":"(anonymous_12)","decl":{"start":{"line":171,"column":15},"end":{"line":171,"column":21}},"loc":{"start":{"line":171,"column":21},"end":{"line":171,"column":null}},"line":171},"13":{"name":"(anonymous_13)","decl":{"start":{"line":174,"column":23},"end":{"line":174,"column":30}},"loc":{"start":{"line":174,"column":37},"end":{"line":181,"column":null}},"line":174},"14":{"name":"(anonymous_14)","decl":{"start":{"line":183,"column":26},"end":{"line":183,"column":38}},"loc":{"start":{"line":183,"column":38},"end":{"line":196,"column":null}},"line":183},"15":{"name":"(anonymous_15)","decl":{"start":{"line":186,"column":34},"end":{"line":186,"column":42}},"loc":{"start":{"line":186,"column":42},"end":{"line":191,"column":13}},"line":186},"16":{"name":"(anonymous_16)","decl":{"start":{"line":198,"column":32},"end":{"line":198,"column":39}},"loc":{"start":{"line":198,"column":81},"end":{"line":211,"column":null}},"line":198}},"branchMap":{"0":{"loc":{"start":{"line":48,"column":8},"end":{"line":52,"column":null}},"type":"if","locations":[{"start":{"line":48,"column":8},"end":{"line":52,"column":null}},{"start":{},"end":{}}],"line":48},"1":{"loc":{"start":{"line":97,"column":20},"end":{"line":104,"column":null}},"type":"if","locations":[{"start":{"line":97,"column":20},"end":{"line":104,"column":null}},{"start":{},"end":{}}],"line":97},"2":{"loc":{"start":{"line":100,"column":41},"end":{"line":100,"column":null}},"type":"cond-expr","locations":[{"start":{"line":100,"column":66},"end":{"line":100,"column":92}},{"start":{"line":100,"column":92},"end":{"line":100,"column":null}}],"line":100},"3":{"loc":{"start":{"line":101,"column":24},"end":{"line":103,"column":null}},"type":"if","locations":[{"start":{"line":101,"column":24},"end":{"line":103,"column":null}},{"start":{},"end":{}}],"line":101},"4":{"loc":{"start":{"line":102,"column":33},"end":{"line":102,"column":65}},"type":"binary-expr","locations":[{"start":{"line":102,"column":33},"end":{"line":102,"column":47}},{"start":{"line":102,"column":47},"end":{"line":102,"column":65}}],"line":102},"5":{"loc":{"start":{"line":114,"column":20},"end":{"line":136,"column":null}},"type":"if","locations":[{"start":{"line":114,"column":20},"end":{"line":136,"column":null}},{"start":{},"end":{}}],"line":114},"6":{"loc":{"start":{"line":119,"column":24},"end":{"line":134,"column":null}},"type":"if","locations":[{"start":{"line":119,"column":24},"end":{"line":134,"column":null}},{"start":{},"end":{}}],"line":119},"7":{"loc":{"start":{"line":121,"column":28},"end":{"line":133,"column":null}},"type":"if","locations":[{"start":{"line":121,"column":28},"end":{"line":133,"column":null}},{"start":{},"end":{}}],"line":121},"8":{"loc":{"start":{"line":147,"column":16},"end":{"line":155,"column":null}},"type":"if","locations":[{"start":{"line":147,"column":16},"end":{"line":155,"column":null}},{"start":{},"end":{}}],"line":147},"9":{"loc":{"start":{"line":187,"column":16},"end":{"line":190,"column":null}},"type":"if","locations":[{"start":{"line":187,"column":16},"end":{"line":190,"column":null}},{"start":{},"end":{}}],"line":187},"10":{"loc":{"start":{"line":198,"column":63},"end":{"line":198,"column":81}},"type":"default-arg","locations":[{"start":{"line":198,"column":70},"end":{"line":198,"column":81}}],"line":198}},"s":{"0":1,"1":1,"2":1,"3":30,"4":1,"5":30,"6":30,"7":30,"8":30,"9":30,"10":15,"11":1,"12":1,"13":1,"14":14,"15":14,"16":14,"17":14,"18":14,"19":10,"20":14,"21":14,"22":10,"23":14,"24":14,"25":2,"26":2,"27":2,"28":2,"29":2,"30":1,"31":0,"32":14,"33":14,"34":14,"35":14,"36":14,"37":14,"38":14,"39":14,"40":0,"41":0,"42":0,"43":0,"44":0,"45":14,"46":14,"47":14,"48":14,"49":0,"50":14,"51":14,"52":0,"53":0,"54":0,"55":30,"56":2,"57":2,"58":2,"59":1,"60":30,"61":1,"62":1,"63":1,"64":3,"65":2,"66":2,"67":1,"68":0,"69":30,"70":3,"71":3,"72":1,"73":30},"f":{"0":30,"1":30,"2":15,"3":0,"4":14,"5":10,"6":10,"7":2,"8":0,"9":14,"10":0,"11":14,"12":0,"13":2,"14":1,"15":3,"16":3},"b":{"0":[1,14],"1":[2,0],"2":[2,0],"3":[1,1],"4":[1,0],"5":[14,0],"6":[14,0],"7":[0,14],"8":[14,0],"9":[2,1],"10":[3]},"meta":{"lastBranch":11,"lastFunction":17,"lastStatement":74,"seen":{"s:20:6:20:Infinity":0,"s:25:6:25:Infinity":1,"s:27:32:29:Infinity":2,"f:27:32:27:38":0,"s:28:4:28:Infinity":3,"s:31:36:224:Infinity":4,"f:31:36:31:37":1,"s:32:42:32:Infinity":5,"s:33:38:33:Infinity":6,"s:34:24:34:Infinity":7,"s:35:17:35:Infinity":8,"s:47:4:172:Infinity":9,"f:47:14:47:20":2,"b:48:8:52:Infinity:undefined:undefined:undefined:undefined":0,"s:48:8:52:Infinity":10,"s:49:12:49:Infinity":11,"s:50:12:50:Infinity":12,"s:51:12:51:Infinity":13,"s:60:26:60:Infinity":14,"f:60:26:60:32":3,"s:62:8:169:Infinity":15,"s:72:18:76:Infinity":16,"s:78:12:108:Infinity":17,"f:78:40:78:41":4,"s:79:30:82:Infinity":18,"f:79:48:79:56":5,"s:79:56:82:18":19,"s:83:16:83:Infinity":20,"s:85:31:85:Infinity":21,"f:85:44:85:49":6,"s:85:49:85:56":22,"s:86:16:86:Infinity":23,"s:96:16:105:Infinity":24,"f:96:46:96:47":7,"b:97:20:104:Infinity:undefined:undefined:undefined:undefined":1,"s:97:20:104:Infinity":25,"s:98:37:98:Infinity":26,"s:99:36:99:Infinity":27,"s:100:41:100:Infinity":28,"b:100:66:100:92:100:92:100:Infinity":2,"b:101:24:103:Infinity:undefined:undefined:undefined:undefined":3,"s:101:24:103:Infinity":29,"s:102:28:102:Infinity":30,"b:102:33:102:47:102:47:102:65":4,"f:106:15:106:16":8,"s:107:16:107:Infinity":31,"s:111:38:140:Infinity":32,"f:111:38:111:50":9,"s:112:16:139:Infinity":33,"s:113:39:113:Infinity":34,"b:114:20:136:Infinity:undefined:undefined:undefined:undefined":5,"s:114:20:136:Infinity":35,"s:115:24:115:Infinity":36,"b:119:24:134:Infinity:undefined:undefined:undefined:undefined":6,"s:119:24:134:Infinity":37,"s:120:42:120:Infinity":38,"b:121:28:133:Infinity:undefined:undefined:undefined:undefined":7,"s:121:28:133:Infinity":39,"s:124:32:132:Infinity":40,"s:125:42:125:Infinity":41,"s:127:36:127:Infinity":42,"s:129:36:129:Infinity":43,"s:138:20:138:Infinity":44,"s:142:12:142:Infinity":45,"s:146:12:158:Infinity":46,"b:147:16:155:Infinity:undefined:undefined:undefined:undefined":8,"s:147:16:155:Infinity":47,"s:148:20:154:Infinity":48,"f:148:41:148:42":10,"s:157:16:157:Infinity":49,"s:161:12:165:Infinity":50,"f:161:19:161:25":11,"s:162:16:162:Infinity":51,"s:168:12:168:Infinity":52,"s:171:8:171:Infinity":53,"f:171:15:171:21":12,"s:171:21:171:Infinity":54,"s:174:23:181:Infinity":55,"f:174:23:174:30":13,"s:175:8:180:Infinity":56,"s:176:18:176:Infinity":57,"s:177:12:177:Infinity":58,"s:179:12:179:Infinity":59,"s:183:26:196:Infinity":60,"f:183:26:183:38":14,"s:184:8:195:Infinity":61,"s:185:18:185:Infinity":62,"s:186:12:191:Infinity":63,"f:186:34:186:42":15,"b:187:16:190:Infinity:undefined:undefined:undefined:undefined":9,"s:187:16:190:Infinity":64,"s:188:26:188:Infinity":65,"s:189:20:189:Infinity":66,"s:192:12:192:Infinity":67,"s:194:12:194:Infinity":68,"s:198:32:211:Infinity":69,"f:198:32:198:39":16,"b:198:70:198:81":10,"s:199:8:210:Infinity":70,"s:200:12:207:Infinity":71,"s:209:12:209:Infinity":72,"s:213:4:222:Infinity":73}}}
,"C:\\Users\\A PLUS\\Desktop\\A Plus+\\src\\utils\\productUtils.js": {"path":"C:\\Users\\A PLUS\\Desktop\\A Plus+\\src\\utils\\productUtils.js","statementMap":{"0":{"start":{"line":1,"column":26},"end":{"line":15,"column":1}},"1":{"start":{"line":2,"column":16},"end":{"line":2,"column":55}},"2":{"start":{"line":3,"column":16},"end":{"line":3,"column":55}},"3":{"start":{"line":5,"column":4},"end":{"line":7,"column":5}},"4":{"start":{"line":6,"column":8},"end":{"line":6,"column":62}},"5":{"start":{"line":8,"column":4},"end":{"line":10,"column":5}},"6":{"start":{"line":9,"column":8},"end":{"line":9,"column":58}},"7":{"start":{"line":11,"column":4},"end":{"line":13,"column":5}},"8":{"start":{"line":12,"column":8},"end":{"line":12,"column":64}},"9":{"start":{"line":14,"column":4},"end":{"line":14,"column":54}},"10":{"start":{"line":18,"column":32},"end":{"line":21,"column":1}},"11":{"start":{"line":19,"column":17},"end":{"line":19,"column":88}},"12":{"start":{"line":19,"column":65},"end":{"line":19,"column":84}},"13":{"start":{"line":20,"column":4},"end":{"line":20,"column":28}},"14":{"start":{"line":23,"column":29},"end":{"line":26,"column":1}},"15":{"start":{"line":24,"column":17},"end":{"line":24,"column":88}},"16":{"start":{"line":24,"column":65},"end":{"line":24,"column":84}},"17":{"start":{"line":25,"column":4},"end":{"line":25,"column":45}},"18":{"start":{"line":28,"column":34},"end":{"line":31,"column":1}},"19":{"start":{"line":29,"column":17},"end":{"line":29,"column":88}},"20":{"start":{"line":29,"column":65},"end":{"line":29,"column":84}},"21":{"start":{"line":30,"column":4},"end":{"line":30,"column":27}},"22":{"start":{"line":33,"column":33},"end":{"line":36,"column":1}},"23":{"start":{"line":34,"column":24},"end":{"line":34,"column":52}},"24":{"start":{"line":35,"column":4},"end":{"line":35,"column":79}}},"fnMap":{"0":{"name":"(anonymous_0)","decl":{"start":{"line":1,"column":26},"end":{"line":1,"column":27}},"loc":{"start":{"line":1,"column":39},"end":{"line":15,"column":1}},"line":1},"1":{"name":"(anonymous_1)","decl":{"start":{"line":18,"column":32},"end":{"line":18,"column":33}},"loc":{"start":{"line":18,"column":47},"end":{"line":21,"column":1}},"line":18},"2":{"name":"(anonymous_2)","decl":{"start":{"line":19,"column":55},"end":{"line":19,"column":56}},"loc":{"start":{"line":19,"column":65},"end":{"line":19,"column":84}},"line":19},"3":{"name":"(anonymous_3)","decl":{"start":{"line":23,"column":29},"end":{"line":23,"column":30}},"loc":{"start":{"line":23,"column":44},"end":{"line":26,"column":1}},"line":23},"4":{"name":"(anonymous_4)","decl":{"start":{"line":24,"column":55},"end":{"line":24,"column":56}},"loc":{"start":{"line":24,"column":65},"end":{"line":24,"column":84}},"line":24},"5":{"name":"(anonymous_5)","decl":{"start":{"line":28,"column":34},"end":{"line":28,"column":35}},"loc":{"start":{"line":28,"column":49},"end":{"line":31,"column":1}},"line":28},"6":{"name":"(anonymous_6)","decl":{"start":{"line":29,"column":55},"end":{"line":29,"column":56}},"loc":{"start":{"line":29,"column":65},"end":{"line":29,"column":84}},"line":29},"7":{"name":"(anonymous_7)","decl":{"start":{"line":33,"column":33},"end":{"line":33,"column":34}},"loc":{"start":{"line":33,"column":54},"end":{"line":36,"column":1}},"line":33}},"branchMap":{"0":{"loc":{"start":{"line":2,"column":16},"end":{"line":2,"column":55}},"type":"binary-expr","locations":[{"start":{"line":2,"column":16},"end":{"line":2,"column":49}},{"start":{"line":2,"column":53},"end":{"line":2,"column":55}}],"line":2},"1":{"loc":{"start":{"line":3,"column":16},"end":{"line":3,"column":55}},"type":"binary-expr","locations":[{"start":{"line":3,"column":16},"end":{"line":3,"column":49}},{"start":{"line":3,"column":53},"end":{"line":3,"column":55}}],"line":3},"2":{"loc":{"start":{"line":5,"column":4},"end":{"line":7,"column":5}},"type":"if","locations":[{"start":{"line":5,"column":4},"end":{"line":7,"column":5}},{"start":{},"end":{}}],"line":5},"3":{"loc":{"start":{"line":5,"column":8},"end":{"line":5,"column":99}},"type":"binary-expr","locations":[{"start":{"line":5,"column":8},"end":{"line":5,"column":27}},{"start":{"line":5,"column":31},"end":{"line":5,"column":51}},{"start":{"line":5,"column":55},"end":{"line":5,"column":75}},{"start":{"line":5,"column":79},"end":{"line":5,"column":99}}],"line":5},"4":{"loc":{"start":{"line":8,"column":4},"end":{"line":10,"column":5}},"type":"if","locations":[{"start":{"line":8,"column":4},"end":{"line":10,"column":5}},{"start":{},"end":{}}],"line":8},"5":{"loc":{"start":{"line":8,"column":8},"end":{"line":8,"column":99}},"type":"binary-expr","locations":[{"start":{"line":8,"column":8},"end":{"line":8,"column":26}},{"start":{"line":8,"column":30},"end":{"line":8,"column":48}},{"start":{"line":8,"column":52},"end":{"line":8,"column":74}},{"start":{"line":8,"column":78},"end":{"line":8,"column":99}}],"line":8},"6":{"loc":{"start":{"line":11,"column":4},"end":{"line":13,"column":5}},"type":"if","locations":[{"start":{"line":11,"column":4},"end":{"line":13,"column":5}},{"start":{},"end":{}}],"line":11},"7":{"loc":{"start":{"line":34,"column":24},"end":{"line":34,"column":52}},"type":"binary-expr","locations":[{"start":{"line":34,"column":24},"end":{"line":34,"column":32}},{"start":{"line":34,"column":36},"end":{"line":34,"column":52}}],"line":34},"8":{"loc":{"start":{"line":35,"column":11},"end":{"line":35,"column":78}},"type":"cond-expr","locations":[{"start":{"line":35,"column":25},"end":{"line":35,"column":74}},{"start":{"line":35,"column":77},"end":{"line":35,"column":78}}],"line":35}},"s":{"0":2,"1":13,"2":13,"3":13,"4":11,"5":2,"6":1,"7":1,"8":1,"9":0,"10":2,"11":10,"12":10,"13":10,"14":2,"15":12,"16":16,"17":12,"18":2,"19":10,"20":10,"21":10,"22":2,"23":4,"24":4},"f":{"0":13,"1":10,"2":10,"3":12,"4":16,"5":10,"6":10,"7":4},"b":{"0":[13,1],"1":[13,1],"2":[11,2],"3":[13,2,2,2],"4":[1,1],"5":[2,1,1,1],"6":[1,0],"7":[4,4],"8":[2,2]},"meta":{"lastBranch":9,"lastFunction":8,"lastStatement":25,"seen":{"s:1:26:15:1":0,"f:1:26:1:27":0,"s:2:16:2:55":1,"b:2:16:2:49:2:53:2:55":0,"s:3:16:3:55":2,"b:3:16:3:49:3:53:3:55":1,"b:5:4:7:5:undefined:undefined:undefined:undefined":2,"s:5:4:7:5":3,"b:5:8:5:27:5:31:5:51:5:55:5:75:5:79:5:99":3,"s:6:8:6:62":4,"b:8:4:10:5:undefined:undefined:undefined:undefined":4,"s:8:4:10:5":5,"b:8:8:8:26:8:30:8:48:8:52:8:74:8:78:8:99":5,"s:9:8:9:58":6,"b:11:4:13:5:undefined:undefined:undefined:undefined":6,"s:11:4:13:5":7,"s:12:8:12:64":8,"s:14:4:14:54":9,"s:18:32:21:1":10,"f:18:32:18:33":1,"s:19:17:19:88":11,"f:19:55:19:56":2,"s:19:65:19:84":12,"s:20:4:20:28":13,"s:23:29:26:1":14,"f:23:29:23:30":3,"s:24:17:24:88":15,"f:24:55:24:56":4,"s:24:65:24:84":16,"s:25:4:25:45":17,"s:28:34:31:1":18,"f:28:34:28:35":5,"s:29:17:29:88":19,"f:29:55:29:56":6,"s:29:65:29:84":20,"s:30:4:30:27":21,"s:33:33:36:1":22,"f:33:33:33:34":7,"s:34:24:34:52":23,"b:34:24:34:32:34:36:34:52":7,"s:35:4:35:79":24,"b:35:25:35:74:35:77:35:78":8}}}
}
